<?xml version="1.0" encoding="UTF-8"?>
<!-- Generated by org.testng.reporters.JUnitXMLReporter -->
<testsuite hostname="LAPTOP-48AO7M1P" ignored="0" name="TN Test" tests="10" failures="1" timestamp="2023-06-28T19:51:54 IST" time="90.049" errors="0">
  <testcase name="fillAllFields" time="2.94" classname="com.tutorialsninja.qa.testcases.RegisterTest"/>
  <testcase name="fillManatoryFields" time="2.264" classname="com.tutorialsninja.qa.testcases.RegisterTest"/>
  <testcase name="fillExistingUserEmail" time="2.168" classname="com.tutorialsninja.qa.testcases.RegisterTest"/>
  <testcase name="emptyAllField" time="0.716" classname="com.tutorialsninja.qa.testcases.RegisterTest"/>
  <testcase name="verifyLoginWithValidCredentials" time="1.165" classname="com.tutorialsninja.qa.testcases.LoginTest"/>
  <testcase name="verifyLoginWithValidCredentials" time="1.199" classname="com.tutorialsninja.qa.testcases.LoginTest"/>
  <testcase name="verifyLoginWithValidCredentials" time="2.072" classname="com.tutorialsninja.qa.testcases.LoginTest"/>
  <testcase name="searchProductIsValid" time="0.966" classname="com.tutorialsninja.qa.testcases.SearchTest"/>
  <testcase name="searchProductIsInValid" time="0.954" classname="com.tutorialsninja.qa.testcases.SearchTest">
    <failure type="java.lang.AssertionError" message="expected [There is no product that matches the search criteria] but found [There is no product that matches the search criteria.]">
      <![CDATA[java.lang.AssertionError: expected [There is no product that matches the search criteria] but found [There is no product that matches the search criteria.]
at com.tutorialsninja.qa.testcases.SearchTest.searchProductIsInValid(SearchTest.java:54)
at java.util.ArrayList.forEach(ArrayList.java:1257)
... Removed 33 stack frames]]>
    </failure>
  </testcase> <!-- searchProductIsInValid -->
  <testcase name="emptySearchField" time="0.671" classname="com.tutorialsninja.qa.testcases.SearchTest"/>
</testsuite> <!-- TN Test -->
